// 重构日志: c1b4ed4f
// 重构日志: f67a54a7
// 同步 ID: 65f6b07f @ Fri Jul 10 08:52:33 UTC 2026
// 同步 ID: ac278cc6 @ Sat Jul 11 01:42:16 UTC 2026
// 同步 ID: d2f828e5 @ Sat Jul 11 11:34:22 UTC 2026
// 同步 ID: 3d2eda43 @ Sat Jul 11 14:14:42 UTC 2026
// 重构日志: 3d1f1f78
// 重构日志: 79d5f871
// 同步 ID: dc7a5eaa @ Mon Jul 13 08:50:36 UTC 2026
// 同步 ID: 28fbc4b1 @ Mon Jul 13 17:22:28 UTC 2026
// 同步 ID: 69662824 @ Tue Jul 14 11:56:49 UTC 2026
// 同步 ID: 6f29ce7b @ Wed Jul 15 04:45:18 UTC 2026
// 同步 ID: 4403e183 @ Wed Jul 15 13:39:21 UTC 2026
// 重构日志: 7edf913b
// 重构日志: 934320b0
// 同步 ID: 7ea1e693 @ Thu Jul 16 05:04:04 UTC 2026
// 同步 ID: ec2f91e8 @ Thu Jul 16 07:54:37 UTC 2026
// 重构日志: bbf54733
// 重构日志: d36db569
// 同步 ID: d938daaa @ Fri Jul 17 04:50:13 UTC 2026
// 同步 ID: cf159315 @ Fri Jul 17 08:02:29 UTC 2026
// 同步 ID: 5dcd2e46 @ Fri Jul 17 11:47:43 UTC 2026
// 同步 ID: 581a278f @ Sat Jul 18 01:47:42 UTC 2026
// 同步 ID: 604a0d6a @ Sat Jul 18 11:47:02 UTC 2026
// 同步 ID: 77b1eea9 @ Sat Jul 18 13:35:50 UTC 2026
// 重构日志: dcaa64e3
// 重构日志: 8882fd18
// 重构日志: f62ad100
// 同步 ID: 1ff26bcd @ Mon Jul 20 01:32:56 UTC 2026
// 同步 ID: 01190919 @ Mon Jul 20 12:16:05 UTC 2026
